mode: set
golang_graphs/backend/internal/domain/model/graph.go:61.32,63.2 1 1
golang_graphs/backend/internal/domain/model/graph.go:65.35,67.2 1 1
golang_graphs/backend/internal/domain/model/graph.go:69.46,70.31 1 1
golang_graphs/backend/internal/domain/model/graph.go:70.31,71.61 1 1
golang_graphs/backend/internal/domain/model/graph.go:71.61,73.4 1 1
golang_graphs/backend/internal/domain/model/graph.go:75.2,76.12 2 1
golang_graphs/backend/internal/domain/model/graph.go:79.107,82.2 2 1
golang_graphs/backend/internal/domain/model/graph.go:84.41,85.31 1 1
golang_graphs/backend/internal/domain/model/graph.go:85.31,86.20 1 1
golang_graphs/backend/internal/domain/model/graph.go:86.20,88.4 1 1
golang_graphs/backend/internal/domain/model/graph.go:90.2,90.14 1 0
golang_graphs/backend/internal/domain/model/graph.go:93.50,94.31 1 1
golang_graphs/backend/internal/domain/model/graph.go:94.31,95.26 1 1
golang_graphs/backend/internal/domain/model/graph.go:95.26,97.4 1 1
golang_graphs/backend/internal/domain/model/graph.go:99.2,99.14 1 1
golang_graphs/backend/internal/domain/model/graph.go:102.44,103.31 1 1
golang_graphs/backend/internal/domain/model/graph.go:103.31,104.20 1 1
golang_graphs/backend/internal/domain/model/graph.go:104.20,106.4 1 1
golang_graphs/backend/internal/domain/model/graph.go:108.2,108.14 1 0
golang_graphs/backend/internal/domain/model/graph.go:111.50,112.31 1 1
golang_graphs/backend/internal/domain/model/graph.go:112.31,113.26 1 1
golang_graphs/backend/internal/domain/model/graph.go:113.26,115.4 1 1
golang_graphs/backend/internal/domain/model/graph.go:117.2,117.14 1 0
golang_graphs/backend/internal/domain/model/graph.go:120.62,121.31 1 1
golang_graphs/backend/internal/domain/model/graph.go:121.31,122.17 1 1
golang_graphs/backend/internal/domain/model/graph.go:122.17,123.66 1 0
golang_graphs/backend/internal/domain/model/graph.go:123.66,125.5 1 0
golang_graphs/backend/internal/domain/model/graph.go:126.9,127.128 1 1
golang_graphs/backend/internal/domain/model/graph.go:127.128,129.5 1 1
golang_graphs/backend/internal/domain/model/graph.go:132.2,132.22 1 1
golang_graphs/backend/internal/domain/model/graph.go:135.46,139.45 1 1
golang_graphs/backend/internal/domain/model/graph.go:139.45,141.3 1 1
golang_graphs/backend/internal/domain/model/graph.go:142.2,142.45 1 1
golang_graphs/backend/internal/domain/model/graph.go:142.45,144.3 1 1
golang_graphs/backend/internal/domain/model/graph.go:145.2,146.12 2 1
golang_graphs/backend/internal/domain/model/graph.go:149.114,152.2 2 1
golang_graphs/backend/internal/domain/model/graph.go:154.61,155.31 1 1
golang_graphs/backend/internal/domain/model/graph.go:155.31,156.26 1 1
golang_graphs/backend/internal/domain/model/graph.go:156.26,158.4 1 1
golang_graphs/backend/internal/domain/model/graph.go:160.2,160.27 1 0
golang_graphs/backend/internal/domain/model/graph.go:163.52,164.31 1 0
golang_graphs/backend/internal/domain/model/graph.go:164.31,165.20 1 0
golang_graphs/backend/internal/domain/model/graph.go:165.20,167.4 1 0
golang_graphs/backend/internal/domain/model/graph.go:169.2,169.27 1 0
golang_graphs/backend/internal/domain/model/graph.go:173.69,175.32 2 1
golang_graphs/backend/internal/domain/model/graph.go:175.32,177.33 2 1
golang_graphs/backend/internal/domain/model/graph.go:177.33,179.4 1 1
golang_graphs/backend/internal/domain/model/graph.go:181.2,181.31 1 1
golang_graphs/backend/internal/domain/model/graph.go:181.31,184.3 2 1
golang_graphs/backend/internal/domain/model/graph.go:185.2,185.15 1 1
golang_graphs/backend/internal/domain/model/graph.go:189.60,191.32 2 1
golang_graphs/backend/internal/domain/model/graph.go:191.32,193.33 2 1
golang_graphs/backend/internal/domain/model/graph.go:193.33,195.4 1 1
golang_graphs/backend/internal/domain/model/graph.go:197.2,197.31 1 1
golang_graphs/backend/internal/domain/model/graph.go:197.31,200.3 2 1
golang_graphs/backend/internal/domain/model/graph.go:201.2,201.15 1 1
golang_graphs/backend/internal/domain/model/graph.go:205.69,207.32 2 1
golang_graphs/backend/internal/domain/model/graph.go:207.32,209.33 2 1
golang_graphs/backend/internal/domain/model/graph.go:209.33,211.4 1 1
golang_graphs/backend/internal/domain/model/graph.go:213.2,213.32 1 1
golang_graphs/backend/internal/domain/model/graph.go:213.32,214.33 1 1
golang_graphs/backend/internal/domain/model/graph.go:214.33,215.214 1 1
golang_graphs/backend/internal/domain/model/graph.go:215.214,218.5 2 1
golang_graphs/backend/internal/domain/model/graph.go:221.2,221.15 1 1
golang_graphs/backend/internal/domain/model/graph.go:225.66,227.32 2 1
golang_graphs/backend/internal/domain/model/graph.go:227.32,229.33 2 1
golang_graphs/backend/internal/domain/model/graph.go:229.33,231.4 1 1
golang_graphs/backend/internal/domain/model/graph.go:233.2,233.32 1 1
golang_graphs/backend/internal/domain/model/graph.go:233.32,234.33 1 1
golang_graphs/backend/internal/domain/model/graph.go:234.33,235.184 1 1
golang_graphs/backend/internal/domain/model/graph.go:235.184,238.5 2 1
golang_graphs/backend/internal/domain/model/graph.go:241.2,241.15 1 1
golang_graphs/backend/internal/domain/model/graph.go:246.98,249.31 3 1
golang_graphs/backend/internal/domain/model/graph.go:249.31,252.3 2 1
golang_graphs/backend/internal/domain/model/graph.go:253.2,255.32 3 1
golang_graphs/backend/internal/domain/model/graph.go:255.32,257.33 2 1
golang_graphs/backend/internal/domain/model/graph.go:257.33,259.4 1 1
golang_graphs/backend/internal/domain/model/graph.go:261.2,261.31 1 1
golang_graphs/backend/internal/domain/model/graph.go:261.31,262.25 1 1
golang_graphs/backend/internal/domain/model/graph.go:262.25,265.4 2 1
golang_graphs/backend/internal/domain/model/graph.go:265.9,268.4 2 0
golang_graphs/backend/internal/domain/model/graph.go:270.2,271.21 2 1
golang_graphs/backend/internal/domain/model/graph.go:271.21,274.32 3 1
golang_graphs/backend/internal/domain/model/graph.go:274.32,275.66 1 1
golang_graphs/backend/internal/domain/model/graph.go:275.66,278.5 2 1
golang_graphs/backend/internal/domain/model/graph.go:280.3,280.21 1 1
golang_graphs/backend/internal/domain/model/graph.go:280.21,281.33 1 1
golang_graphs/backend/internal/domain/model/graph.go:281.33,282.49 1 1
golang_graphs/backend/internal/domain/model/graph.go:282.49,284.41 2 1
golang_graphs/backend/internal/domain/model/graph.go:284.41,286.7 1 1
golang_graphs/backend/internal/domain/model/graph.go:289.4,289.28 1 1
golang_graphs/backend/internal/domain/model/graph.go:292.2,292.49 1 1
golang_graphs/backend/internal/domain/model/graph.go:296.83,298.31 2 1
golang_graphs/backend/internal/domain/model/graph.go:298.31,301.3 2 1
golang_graphs/backend/internal/domain/model/graph.go:302.2,302.15 1 1
golang_graphs/backend/internal/domain/model/graph.go:305.62,306.154 1 1
golang_graphs/backend/internal/domain/model/graph.go:306.154,308.3 1 1
golang_graphs/backend/internal/domain/model/graph.go:309.2,309.14 1 1
golang_graphs/backend/internal/domain/model/graph.go:312.29,313.11 1 0
golang_graphs/backend/internal/domain/model/graph.go:313.11,315.3 1 0
golang_graphs/backend/internal/domain/model/graph.go:316.2,316.10 1 0
golang_graphs/backend/internal/domain/model/graph.go:319.48,321.33 2 1
golang_graphs/backend/internal/domain/model/graph.go:321.33,323.3 1 1
golang_graphs/backend/internal/domain/model/graph.go:324.2,325.41 2 1
golang_graphs/backend/internal/domain/model/graph.go:325.41,326.55 1 1
golang_graphs/backend/internal/domain/model/graph.go:326.55,328.4 1 1
golang_graphs/backend/internal/domain/model/graph.go:330.2,332.31 3 1
golang_graphs/backend/internal/domain/model/graph.go:332.31,335.3 2 1
golang_graphs/backend/internal/domain/model/graph.go:336.2,337.34 2 1
golang_graphs/backend/internal/domain/model/graph.go:337.34,338.42 1 1
golang_graphs/backend/internal/domain/model/graph.go:338.42,339.204 1 1
golang_graphs/backend/internal/domain/model/graph.go:339.204,341.5 1 1
golang_graphs/backend/internal/domain/model/graph.go:343.3,343.12 1 1
golang_graphs/backend/internal/domain/model/graph.go:343.12,345.4 1 1
golang_graphs/backend/internal/domain/model/graph.go:346.3,346.15 1 1
golang_graphs/backend/internal/domain/model/graph.go:348.2,350.36 3 1
golang_graphs/backend/internal/domain/model/graph.go:350.36,354.3 3 1
golang_graphs/backend/internal/domain/model/graph.go:355.2,355.35 1 1
golang_graphs/backend/internal/domain/model/graph.go:355.35,357.3 1 1
golang_graphs/backend/internal/domain/model/graph.go:358.2,358.15 1 1
golang_graphs/backend/internal/domain/model/graph.go:361.44,363.31 2 1
golang_graphs/backend/internal/domain/model/graph.go:363.31,365.3 1 1
golang_graphs/backend/internal/domain/model/graph.go:366.2,366.35 1 1
golang_graphs/backend/internal/domain/model/graph.go:366.35,368.3 1 1
golang_graphs/backend/internal/domain/model/graph.go:369.2,370.31 2 1
golang_graphs/backend/internal/domain/model/graph.go:370.31,372.3 1 1
golang_graphs/backend/internal/domain/model/graph.go:373.2,373.35 1 1
golang_graphs/backend/internal/domain/model/graph.go:373.35,378.29 5 1
golang_graphs/backend/internal/domain/model/graph.go:378.29,380.4 1 0
golang_graphs/backend/internal/domain/model/graph.go:382.2,384.33 3 1
golang_graphs/backend/internal/domain/model/graph.go:384.33,387.3 2 1
golang_graphs/backend/internal/domain/model/graph.go:388.2,389.33 2 1
golang_graphs/backend/internal/domain/model/graph.go:389.33,393.3 3 1
golang_graphs/backend/internal/domain/model/graph.go:394.2,394.15 1 1
golang_graphs/backend/internal/domain/model/graph.go:397.43,401.31 4 1
golang_graphs/backend/internal/domain/model/graph.go:401.31,403.3 1 1
golang_graphs/backend/internal/domain/model/graph.go:404.2,404.35 1 1
golang_graphs/backend/internal/domain/model/graph.go:404.35,406.3 1 1
golang_graphs/backend/internal/domain/model/graph.go:407.2,409.29 3 1
golang_graphs/backend/internal/domain/model/graph.go:409.29,410.41 1 1
golang_graphs/backend/internal/domain/model/graph.go:410.41,412.4 1 1
golang_graphs/backend/internal/domain/model/graph.go:414.2,414.29 1 1
golang_graphs/backend/internal/domain/model/graph.go:414.29,415.41 1 1
golang_graphs/backend/internal/domain/model/graph.go:415.41,417.4 1 1
golang_graphs/backend/internal/domain/model/graph.go:419.2,420.36 2 1
golang_graphs/backend/internal/domain/model/graph.go:420.36,421.37 1 1
golang_graphs/backend/internal/domain/model/graph.go:421.37,426.4 4 1
golang_graphs/backend/internal/domain/model/graph.go:428.2,428.23 1 1
golang_graphs/backend/internal/domain/model/graph.go:431.55,434.32 3 1
golang_graphs/backend/internal/domain/model/graph.go:434.32,435.37 1 1
golang_graphs/backend/internal/domain/model/graph.go:435.37,439.4 3 1
golang_graphs/backend/internal/domain/model/graph.go:441.2,442.31 2 1
golang_graphs/backend/internal/domain/model/graph.go:442.31,443.37 1 1
golang_graphs/backend/internal/domain/model/graph.go:443.37,448.4 4 1
golang_graphs/backend/internal/domain/model/graph.go:450.2,450.35 1 1
golang_graphs/backend/internal/domain/model/graph.go:450.35,451.33 1 1
golang_graphs/backend/internal/domain/model/graph.go:451.33,456.4 4 1
golang_graphs/backend/internal/domain/model/graph.go:458.2,458.15 1 1
golang_graphs/backend/internal/domain/model/graph.go:461.52,464.32 3 1
golang_graphs/backend/internal/domain/model/graph.go:464.32,465.37 1 1
golang_graphs/backend/internal/domain/model/graph.go:465.37,469.4 3 1
golang_graphs/backend/internal/domain/model/graph.go:471.2,472.32 2 1
golang_graphs/backend/internal/domain/model/graph.go:472.32,473.37 1 1
golang_graphs/backend/internal/domain/model/graph.go:473.37,482.4 8 1
golang_graphs/backend/internal/domain/model/graph.go:484.2,484.15 1 1
golang_graphs/backend/internal/domain/model/graph.go:487.61,490.32 3 1
golang_graphs/backend/internal/domain/model/graph.go:490.32,491.37 1 1
golang_graphs/backend/internal/domain/model/graph.go:491.37,495.4 3 1
golang_graphs/backend/internal/domain/model/graph.go:497.2,498.32 2 1
golang_graphs/backend/internal/domain/model/graph.go:498.32,499.37 1 1
golang_graphs/backend/internal/domain/model/graph.go:499.37,508.4 4 1
golang_graphs/backend/internal/domain/model/graph.go:510.2,510.32 1 1
golang_graphs/backend/internal/domain/model/graph.go:510.32,511.37 1 1
golang_graphs/backend/internal/domain/model/graph.go:511.37,512.38 1 1
golang_graphs/backend/internal/domain/model/graph.go:512.38,517.5 4 1
golang_graphs/backend/internal/domain/model/graph.go:521.2,521.15 1 1
golang_graphs/backend/internal/domain/model/graph.go:524.125,525.38 1 1
golang_graphs/backend/internal/domain/model/graph.go:525.38,527.3 1 1
golang_graphs/backend/internal/domain/model/graph.go:528.2,528.29 1 1
golang_graphs/backend/internal/domain/model/graph.go:528.29,529.20 1 1
golang_graphs/backend/internal/domain/model/graph.go:529.20,531.4 1 1
golang_graphs/backend/internal/domain/model/graph.go:533.2,533.13 1 1
golang_graphs/backend/internal/domain/model/graph.go:536.119,537.27 1 1
golang_graphs/backend/internal/domain/model/graph.go:537.27,538.42 1 1
golang_graphs/backend/internal/domain/model/graph.go:538.42,540.4 1 1
golang_graphs/backend/internal/domain/model/graph.go:540.9,542.4 1 1
golang_graphs/backend/internal/domain/model/graph.go:545.2,545.35 1 1
golang_graphs/backend/internal/domain/model/graph.go:545.35,546.71 1 1
golang_graphs/backend/internal/domain/model/graph.go:546.71,548.4 1 1
golang_graphs/backend/internal/domain/model/graph.go:549.3,549.81 1 1
golang_graphs/backend/internal/domain/model/graph.go:549.81,551.4 1 1
golang_graphs/backend/internal/domain/model/graph.go:552.3,552.19 1 1
golang_graphs/backend/internal/domain/model/graph.go:554.2,554.19 1 1
golang_graphs/backend/internal/domain/model/graph.go:557.53,564.2 6 1
golang_graphs/backend/internal/domain/model/graph.go:568.53,606.12 2 1
golang_graphs/backend/internal/domain/model/graph.go:606.12,608.3 1 0
golang_graphs/backend/internal/domain/model/graph.go:611.2,629.27 8 1
golang_graphs/backend/internal/domain/model/graph.go:629.27,630.29 1 1
golang_graphs/backend/internal/domain/model/graph.go:630.29,631.59 1 1
golang_graphs/backend/internal/domain/model/graph.go:631.59,633.5 1 1
golang_graphs/backend/internal/domain/model/graph.go:633.10,633.66 1 1
golang_graphs/backend/internal/domain/model/graph.go:633.66,635.5 1 1
golang_graphs/backend/internal/domain/model/graph.go:639.2,642.42 2 1
golang_graphs/backend/internal/domain/model/graph.go:642.42,643.25 1 1
golang_graphs/backend/internal/domain/model/graph.go:643.25,645.4 1 0
golang_graphs/backend/internal/domain/model/graph.go:646.3,647.38 2 1
golang_graphs/backend/internal/domain/model/graph.go:647.38,648.54 1 1
golang_graphs/backend/internal/domain/model/graph.go:648.54,650.5 1 1
golang_graphs/backend/internal/domain/model/graph.go:652.3,654.23 3 1
golang_graphs/backend/internal/domain/model/graph.go:658.2,658.26 1 1
golang_graphs/backend/internal/domain/model/graph.go:658.26,660.10 2 1
golang_graphs/backend/internal/domain/model/graph.go:660.10,662.9 1 0
golang_graphs/backend/internal/domain/model/graph.go:664.3,667.58 2 1
golang_graphs/backend/internal/domain/model/graph.go:667.58,672.4 4 1
golang_graphs/backend/internal/domain/model/graph.go:672.9,672.65 1 0
golang_graphs/backend/internal/domain/model/graph.go:672.65,677.4 4 0
golang_graphs/backend/internal/domain/model/graph.go:681.2,681.30 1 1
golang_graphs/backend/internal/domain/model/graph.go:684.75,688.33 4 1
golang_graphs/backend/internal/domain/model/graph.go:688.33,692.3 3 1
golang_graphs/backend/internal/domain/model/graph.go:693.2,694.44 2 1
golang_graphs/backend/internal/domain/model/graph.go:694.44,695.42 1 1
golang_graphs/backend/internal/domain/model/graph.go:695.42,696.16 1 1
golang_graphs/backend/internal/domain/model/graph.go:696.16,697.67 1 1
golang_graphs/backend/internal/domain/model/graph.go:697.67,703.6 2 1
golang_graphs/backend/internal/domain/model/graph.go:707.2,707.18 1 1
golang_graphs/backend/internal/domain/model/lab.go:18.49,22.2 3 0
golang_graphs/backend/internal/domain/model/lab.go:24.42,26.16 2 0
golang_graphs/backend/internal/domain/model/lab.go:26.16,28.3 1 0
golang_graphs/backend/internal/domain/model/lab.go:29.2,29.40 1 0
